# JRE version: Java(TM) SE Runtime Environment (8.0_144-b01) (build 1.8.0_144-b01)
# Java VM: Java HotSpot(TM) 64-Bit Server VM (25.144-b01 mixed mode windows-amd64 compressed oops)
Heap:
 PSYoungGen      total 233984K, used 154680K [0x00000000d5c00000, 0x00000000e6880000, 0x0000000100000000)
  eden space 209408K, 68% used [0x00000000d5c00000,0x00000000de7c59c0,0x00000000e2880000)
  from space 24576K, 47% used [0x00000000e5080000,0x00000000e5bc8a08,0x00000000e6880000)
  to   space 32768K, 0% used [0x00000000e2880000,0x00000000e2880000,0x00000000e4880000)
 ParOldGen       total 133632K, used 43725K [0x0000000081400000, 0x0000000089680000, 0x00000000d5c00000)
  object space 133632K, 32% used [0x0000000081400000,0x0000000083eb3758,0x0000000089680000)
 Metaspace       used 54687K, capacity 55434K, committed 55808K, reserved 1097728K
  class space    used 6300K, capacity 6545K, committed 6656K, reserved 1048576K
GC Heap History (10 events):
Event: 9.627 GC heap before
{Heap before GC invocations=10 (full 1):
 PSYoungGen      total 143360K, used 143358K [0x00000000d5c00000, 0x00000000e4e80000, 0x0000000100000000)
  eden space 122368K, 100% used [0x00000000d5c00000,0x00000000dd380000,0x00000000dd380000)
  from space 20992K, 99% used [0x00000000df000000,0x00000000e047f858,0x00000000e0480000)
  to   space 29184K, 0% used [0x00000000dd380000,0x00000000dd380000,0x00000000df000000)
 ParOldGen       total 70144K, used 38865K [0x0000000081400000, 0x0000000085880000, 0x00000000d5c00000)
  object space 70144K, 55% used [0x0000000081400000,0x00000000839f4598,0x0000000085880000)
 Metaspace       used 28940K, capacity 29592K, committed 29824K, reserved 1075200K
  class space    used 3430K, capacity 3621K, committed 3712K, reserved 1048576K
Event: 9.657 GC heap after
Heap after GC invocations=10 (full 1):
 PSYoungGen      total 151552K, used 25386K [0x00000000d5c00000, 0x00000000e3900000, 0x0000000100000000)
  eden space 122368K, 0% used [0x00000000d5c00000,0x00000000d5c00000,0x00000000dd380000)
  from space 29184K, 86% used [0x00000000dd380000,0x00000000dec4aad0,0x00000000df000000)
  to   space 32256K, 0% used [0x00000000e1980000,0x00000000e1980000,0x00000000e3900000)
 ParOldGen       total 70144K, used 48062K [0x0000000081400000, 0x0000000085880000, 0x00000000d5c00000)
  object space 70144K, 68% used [0x0000000081400000,0x00000000842efb60,0x0000000085880000)
 Metaspace       used 28940K, capacity 29592K, committed 29824K, reserved 1075200K
  class space    used 3430K, capacity 3621K, committed 3712K, reserved 1048576K
}
Event: 10.103 GC heap before
{Heap before GC invocations=11 (full 1):
 PSYoungGen      total 151552K, used 147754K [0x00000000d5c00000, 0x00000000e3900000, 0x0000000100000000)
  eden space 122368K, 100% used [0x00000000d5c00000,0x00000000dd380000,0x00000000dd380000)
  from space 29184K, 86% used [0x00000000dd380000,0x00000000dec4aad0,0x00000000df000000)
  to   space 32256K, 0% used [0x00000000e1980000,0x00000000e1980000,0x00000000e3900000)
 ParOldGen       total 70144K, used 48062K [0x0000000081400000, 0x0000000085880000, 0x00000000d5c00000)
  object space 70144K, 68% used [0x0000000081400000,0x00000000842efb60,0x0000000085880000)
 Metaspace       used 28951K, capacity 29602K, committed 29824K, reserved 1075200K
  class space    used 3431K, capacity 3623K, committed 3712K, reserved 1048576K
Event: 10.141 GC heap after
Heap after GC invocations=11 (full 1):
 PSYoungGen      total 192512K, used 23710K [0x00000000d5c00000, 0x00000000e4200000, 0x0000000100000000)
  eden space 160256K, 0% used [0x00000000d5c00000,0x00000000d5c00000,0x00000000df880000)
  from space 32256K, 73% used [0x00000000e1980000,0x00000000e30a7960,0x00000000e3900000)
  to   space 33792K, 0% used [0x00000000df880000,0x00000000df880000,0x00000000e1980000)
 ParOldGen       total 70144K, used 53775K [0x0000000081400000, 0x0000000085880000, 0x00000000d5c00000)
  object space 70144K, 76% used [0x0000000081400000,0x0000000084883dc8,0x0000000085880000)
 Metaspace       used 28951K, capacity 29602K, committed 29824K, reserved 1075200K
  class space    used 3431K, capacity 3623K, committed 3712K, reserved 1048576K
}
Event: 11.659 GC heap before
{Heap before GC invocations=12 (full 1):
 PSYoungGen      total 192512K, used 168357K [0x00000000d5c00000, 0x00000000e4200000, 0x0000000100000000)
  eden space 160256K, 90% used [0x00000000d5c00000,0x00000000de941d18,0x00000000df880000)
  from space 32256K, 73% used [0x00000000e1980000,0x00000000e30a7960,0x00000000e3900000)
  to   space 33792K, 0% used [0x00000000df880000,0x00000000df880000,0x00000000e1980000)
 ParOldGen       total 70144K, used 53775K [0x0000000081400000, 0x0000000085880000, 0x00000000d5c00000)
  object space 70144K, 76% used [0x0000000081400000,0x0000000084883dc8,0x0000000085880000)
 Metaspace       used 34641K, capacity 35302K, committed 35496K, reserved 1081344K
  class space    used 4125K, capacity 4309K, committed 4352K, reserved 1048576K
Event: 11.693 GC heap after
Heap after GC invocations=12 (full 1):
 PSYoungGen      total 194048K, used 19883K [0x00000000d5c00000, 0x00000000e7180000, 0x0000000100000000)
  eden space 160256K, 0% used [0x00000000d5c00000,0x00000000d5c00000,0x00000000df880000)
  from space 33792K, 58% used [0x00000000df880000,0x00000000e0beaee0,0x00000000e1980000)
  to   space 33792K, 0% used [0x00000000e5080000,0x00000000e5080000,0x00000000e7180000)
 ParOldGen       total 70144K, used 56104K [0x0000000081400000, 0x0000000085880000, 0x00000000d5c00000)
  object space 70144K, 79% used [0x0000000081400000,0x0000000084aca268,0x0000000085880000)
 Metaspace       used 34641K, capacity 35302K, committed 35496K, reserved 1081344K
  class space    used 4125K, capacity 4309K, committed 4352K, reserved 1048576K
}
Event: 11.693 GC heap before
{Heap before GC invocations=13 (full 2):
 PSYoungGen      total 194048K, used 19883K [0x00000000d5c00000, 0x00000000e7180000, 0x0000000100000000)
  eden space 160256K, 0% used [0x00000000d5c00000,0x00000000d5c00000,0x00000000df880000)
  from space 33792K, 58% used [0x00000000df880000,0x00000000e0beaee0,0x00000000e1980000)
  to   space 33792K, 0% used [0x00000000e5080000,0x00000000e5080000,0x00000000e7180000)
 ParOldGen       total 70144K, used 56104K [0x0000000081400000, 0x0000000085880000, 0x00000000d5c00000)
  object space 70144K, 79% used [0x0000000081400000,0x0000000084aca268,0x0000000085880000)
 Metaspace       used 34641K, capacity 35302K, committed 35496K, reserved 1081344K
  class space    used 4125K, capacity 4309K, committed 4352K, reserved 1048576K
Event: 11.942 GC heap after
Heap after GC invocations=13 (full 2):
 PSYoungGen      total 194048K, used 0K [0x00000000d5c00000, 0x00000000e7180000, 0x0000000100000000)
  eden space 160256K, 0% used [0x00000000d5c00000,0x00000000d5c00000,0x00000000df880000)
  from space 33792K, 0% used [0x00000000df880000,0x00000000df880000,0x00000000e1980000)
  to   space 33792K, 0% used [0x00000000e5080000,0x00000000e5080000,0x00000000e7180000)
 ParOldGen       total 133632K, used 43725K [0x0000000081400000, 0x0000000089680000, 0x00000000d5c00000)
  object space 133632K, 32% used [0x0000000081400000,0x0000000083eb3758,0x0000000089680000)
 Metaspace       used 34641K, capacity 35302K, committed 35496K, reserved 1081344K
  class space    used 4125K, capacity 4309K, committed 4352K, reserved 1048576K
}
Event: 14.786 GC heap before
{Heap before GC invocations=14 (full 2):
 PSYoungGen      total 194048K, used 160256K [0x00000000d5c00000, 0x00000000e7180000, 0x0000000100000000)
  eden space 160256K, 100% used [0x00000000d5c00000,0x00000000df880000,0x00000000df880000)
  from space 33792K, 0% used [0x00000000df880000,0x00000000df880000,0x00000000e1980000)
  to   space 33792K, 0% used [0x00000000e5080000,0x00000000e5080000,0x00000000e7180000)
 ParOldGen       total 133632K, used 43725K [0x0000000081400000, 0x0000000089680000, 0x00000000d5c00000)
  object space 133632K, 32% used [0x0000000081400000,0x0000000083eb3758,0x0000000089680000)
 Metaspace       used 42925K, capacity 43644K, committed 44032K, reserved 1087488K
  class space    used 5089K, capacity 5310K, committed 5376K, reserved 1048576K
Event: 14.848 GC heap after
Heap after GC invocations=14 (full 2):
 PSYoungGen      total 233984K, used 11554K [0x00000000d5c00000, 0x00000000e6880000, 0x0000000100000000)
  eden space 209408K, 0% used [0x00000000d5c00000,0x00000000d5c00000,0x00000000e2880000)
  from space 24576K, 47% used [0x00000000e5080000,0x00000000e5bc8a08,0x00000000e6880000)
  to   space 32768K, 0% used [0x00000000e2880000,0x00000000e2880000,0x00000000e4880000)
 ParOldGen       total 133632K, used 43725K [0x0000000081400000, 0x0000000089680000, 0x00000000d5c00000)
  object space 133632K, 32% used [0x0000000081400000,0x0000000083eb3758,0x0000000089680000)
 Metaspace       used 42925K, capacity 43644K, committed 44032K, reserved 1087488K
  class space    used 5089K, capacity 5310K, committed 5376K, reserved 1048576K
}

